0 info it worked if it ends with ok
1 verbose cli [ 'C:\\Program Files\\nodejs\\node.exe',
1 verbose cli   'C:\\Program Files\\nodejs\\node_modules\\npm\\bin\\npm-cli.js',
1 verbose cli   'run',
1 verbose cli   'build' ]
2 info using npm@3.10.10
3 info using node@v6.11.3
4 verbose run-script [ 'prebuild', 'build', 'postbuild' ]
5 info lifecycle jslib-utils@1.27.3~prebuild: jslib-utils@1.27.3
6 verbose lifecycle jslib-utils@1.27.3~prebuild: unsafe-perm in lifecycle true
7 verbose lifecycle jslib-utils@1.27.3~prebuild: PATH: C:\Program Files\nodejs\node_modules\npm\bin\node-gyp-bin;D:\Projects\jslib\node_modules\.bin;C:\Program Files (x86)\Common Files\Intel\Shared Libraries\redist\intel64\compiler;C:\Windows\system32;C:\Windows;C:\Windows\System32\Wbem;C:\Windows\System32\WindowsPowerShell\v1.0\;C:\Program Files (x86)\NVIDIA Corporation\PhysX\Common;C:\Program Files (x86)\GtkSharp\2.12\bin;C:\Program Files (x86)\Skype\Phone\;C:\Program Files\Microsoft SQL Server\130\Tools\Binn\;C:\Program Files\dotnet\;C:\WINDOWS\system32;C:\WINDOWS;C:\WINDOWS\System32\Wbem;C:\WINDOWS\System32\WindowsPowerShell\v1.0\;C:\Program Files\nodejs\;C:\TDM-GCC-64\bin;C:\Program Files (x86)\Windows Kits\8.1\Windows Performance Toolkit\;C:\Program Files\Git\cmd;C:\Program Files\LLVM\bin;C:\Program Files\doxygen\bin;C:\Users\glink\AppData\Local\Microsoft\WindowsApps;C:\Program Files\Microsoft VS Code\bin;C:\Users\glink\AppData\Roaming\npm;C:\Program Files\CMake\bin;C:\TDM-GCC-64\gdb32\bin;
8 verbose lifecycle jslib-utils@1.27.3~prebuild: CWD: D:\Projects\jslib
9 silly lifecycle jslib-utils@1.27.3~prebuild: Args: [ '/d /s /c', 'rimraf dist' ]
10 silly lifecycle jslib-utils@1.27.3~prebuild: Returned: code: 0  signal: null
11 info lifecycle jslib-utils@1.27.3~build: jslib-utils@1.27.3
12 verbose lifecycle jslib-utils@1.27.3~build: unsafe-perm in lifecycle true
13 verbose lifecycle jslib-utils@1.27.3~build: PATH: C:\Program Files\nodejs\node_modules\npm\bin\node-gyp-bin;D:\Projects\jslib\node_modules\.bin;C:\Program Files (x86)\Common Files\Intel\Shared Libraries\redist\intel64\compiler;C:\Windows\system32;C:\Windows;C:\Windows\System32\Wbem;C:\Windows\System32\WindowsPowerShell\v1.0\;C:\Program Files (x86)\NVIDIA Corporation\PhysX\Common;C:\Program Files (x86)\GtkSharp\2.12\bin;C:\Program Files (x86)\Skype\Phone\;C:\Program Files\Microsoft SQL Server\130\Tools\Binn\;C:\Program Files\dotnet\;C:\WINDOWS\system32;C:\WINDOWS;C:\WINDOWS\System32\Wbem;C:\WINDOWS\System32\WindowsPowerShell\v1.0\;C:\Program Files\nodejs\;C:\TDM-GCC-64\bin;C:\Program Files (x86)\Windows Kits\8.1\Windows Performance Toolkit\;C:\Program Files\Git\cmd;C:\Program Files\LLVM\bin;C:\Program Files\doxygen\bin;C:\Users\glink\AppData\Local\Microsoft\WindowsApps;C:\Program Files\Microsoft VS Code\bin;C:\Users\glink\AppData\Roaming\npm;C:\Program Files\CMake\bin;C:\TDM-GCC-64\gdb32\bin;
14 verbose lifecycle jslib-utils@1.27.3~build: CWD: D:\Projects\jslib
15 silly lifecycle jslib-utils@1.27.3~build: Args: [ '/d /s /c',
15 silly lifecycle   'tsc && rollup -c rollup.config.ts && rimraf compiled && typedoc --out dist/docs --target es6 --theme minimal src' ]
16 silly lifecycle jslib-utils@1.27.3~build: Returned: code: 2  signal: null
17 info lifecycle jslib-utils@1.27.3~build: Failed to exec build script
18 verbose stack Error: jslib-utils@1.27.3 build: `tsc && rollup -c rollup.config.ts && rimraf compiled && typedoc --out dist/docs --target es6 --theme minimal src`
18 verbose stack Exit status 2
18 verbose stack     at EventEmitter.<anonymous> (C:\Program Files\nodejs\node_modules\npm\lib\utils\lifecycle.js:255:16)
18 verbose stack     at emitTwo (events.js:106:13)
18 verbose stack     at EventEmitter.emit (events.js:191:7)
18 verbose stack     at ChildProcess.<anonymous> (C:\Program Files\nodejs\node_modules\npm\lib\utils\spawn.js:40:14)
18 verbose stack     at emitTwo (events.js:106:13)
18 verbose stack     at ChildProcess.emit (events.js:191:7)
18 verbose stack     at maybeClose (internal/child_process.js:920:16)
18 verbose stack     at Process.ChildProcess._handle.onexit (internal/child_process.js:230:5)
19 verbose pkgid jslib-utils@1.27.3
20 verbose cwd D:\Projects\jslib
21 error Windows_NT 10.0.15063
22 error argv "C:\\Program Files\\nodejs\\node.exe" "C:\\Program Files\\nodejs\\node_modules\\npm\\bin\\npm-cli.js" "run" "build"
23 error node v6.11.3
24 error npm  v3.10.10
25 error code ELIFECYCLE
26 error jslib-utils@1.27.3 build: `tsc && rollup -c rollup.config.ts && rimraf compiled && typedoc --out dist/docs --target es6 --theme minimal src`
26 error Exit status 2
27 error Failed at the jslib-utils@1.27.3 build script 'tsc && rollup -c rollup.config.ts && rimraf compiled && typedoc --out dist/docs --target es6 --theme minimal src'.
27 error Make sure you have the latest version of node.js and npm installed.
27 error If you do, this is most likely a problem with the jslib-utils package,
27 error not with npm itself.
27 error Tell the author that this fails on your system:
27 error     tsc && rollup -c rollup.config.ts && rimraf compiled && typedoc --out dist/docs --target es6 --theme minimal src
27 error You can get information on how to open an issue for this project with:
27 error     npm bugs jslib-utils
27 error Or if that isn't available, you can get their info via:
27 error     npm owner ls jslib-utils
27 error There is likely additional logging output above.
28 verbose exit [ 1, true ]
